

*******************************************************************************
Wed Apr 21 12:24:26 2021


FIT:    data read from "A.txt" using 1:3
        format = x:z
        #datapoints = 18
        residuals are weighted equally (unit weight)

function used for fitting: f(x)
	f(x)=a*x**b
fitted parameters initialized with current variable values

iter      chisq       delta/lim  lambda   a             b            
   0 2.9782886483e-04   0.00e+00  1.96e-02    1.000000e+00  -5.000000e-01
  21 1.5274050599e-10  -3.81e-04  1.96e-08    2.354317e-01  -4.999813e-01

After 21 iterations the fit converged.
final sum of squares of residuals : 1.52741e-10
rel. change during last iteration : -3.80773e-09

degrees of freedom    (FIT_NDF)                        : 16
rms of residuals      (FIT_STDFIT) = sqrt(WSSR/ndf)    : 3.08971e-06
variance of residuals (reduced chisquare) = WSSR/ndf   : 9.54628e-12

Final set of parameters            Asymptotic Standard Error
=======================            ==========================
a               = 0.235432         +/- 0.00194      (0.8242%)
b               = -0.499981        +/- 0.0008065    (0.1613%)

correlation matrix of the fit parameters:
                a      b      
a               1.000 
b              -0.998  1.000 


*******************************************************************************
Wed Apr 21 12:24:26 2021


FIT:    data read from "B.txt" using 1:3
        format = x:z
        #datapoints = 18
        residuals are weighted equally (unit weight)

function used for fitting: g(x)
	g(x)=c*x**d
fitted parameters initialized with current variable values

iter      chisq       delta/lim  lambda   c             d            
   0 4.8539067384e-04   0.00e+00  1.96e-02    1.000000e+00  -5.000000e-01
   9 1.8528487275e-09  -6.27e-03  1.96e-11    1.704844e+00  -9.214413e-01

After 9 iterations the fit converged.
final sum of squares of residuals : 1.85285e-09
rel. change during last iteration : -6.27393e-08

degrees of freedom    (FIT_NDF)                        : 16
rms of residuals      (FIT_STDFIT) = sqrt(WSSR/ndf)    : 1.07612e-05
variance of residuals (reduced chisquare) = WSSR/ndf   : 1.15803e-10

Final set of parameters            Asymptotic Standard Error
=======================            ==========================
c               = 1.70484          +/- 0.5005       (29.36%)
d               = -0.921441        +/- 0.02999      (3.254%)

correlation matrix of the fit parameters:
                c      d      
c               1.000 
d              -0.998  1.000 


*******************************************************************************
Wed Apr 21 12:24:27 2021


FIT:    data read from "AA.txt" using 1:3
        format = x:z
        #datapoints = 36
        residuals are weighted equally (unit weight)

function used for fitting: i(x)
	i(x)=e*x**f
fitted parameters initialized with current variable values

iter      chisq       delta/lim  lambda   e             f            
   0 1.3776221669e-01   0.00e+00  1.92e-02    1.000000e+00  -5.000000e-01
  54 9.8941135204e-02  -9.66e-01  1.92e-03    5.580916e+00  -4.736480e-01

After 54 iterations the fit converged.
final sum of squares of residuals : 0.0989411
rel. change during last iteration : -9.65997e-06

degrees of freedom    (FIT_NDF)                        : 34
rms of residuals      (FIT_STDFIT) = sqrt(WSSR/ndf)    : 0.0539447
variance of residuals (reduced chisquare) = WSSR/ndf   : 0.00291003

Final set of parameters            Asymptotic Standard Error
=======================            ==========================
e               = 5.58092          +/- 19.68        (352.6%)
f               = -0.473648        +/- 0.3418       (72.17%)

correlation matrix of the fit parameters:
                e      f      
e               1.000 
f              -0.998  1.000 


*******************************************************************************
Wed Apr 21 12:24:27 2021


FIT:    data read from "BB.txt" using 1:3
        format = x:z
        #datapoints = 36
        residuals are weighted equally (unit weight)

function used for fitting: j(x)
	j(x)=g*x**h
fitted parameters initialized with current variable values

iter      chisq       delta/lim  lambda   g             h            
   0 5.0137136070e-01   0.00e+00  1.96e-01    1.000000e+00  -2.000000e-01
 100 9.8739367647e-06  -8.12e-01  1.96e-06    7.265773e+00  -8.888512e-01

After 100 iterations the fit converged.
final sum of squares of residuals : 9.87394e-06
rel. change during last iteration : -8.11885e-06

degrees of freedom    (FIT_NDF)                        : 34
rms of residuals      (FIT_STDFIT) = sqrt(WSSR/ndf)    : 0.000538897
variance of residuals (reduced chisquare) = WSSR/ndf   : 2.9041e-07

Final set of parameters            Asymptotic Standard Error
=======================            ==========================
g               = 7.26577          +/- 13.84        (190.5%)
h               = -0.888851        +/- 0.1922       (21.62%)

correlation matrix of the fit parameters:
                g      h      
g               1.000 
h              -0.998  1.000 


*******************************************************************************
Mon Jun 21 01:38:06 2021


FIT:    data read from "A.txt" using 1:3
        format = x:z
        #datapoints = 18
        residuals are weighted equally (unit weight)

function used for fitting: f(x)
	f(x)=a*x**b
fitted parameters initialized with current variable values

iter      chisq       delta/lim  lambda   a             b            
   0 2.9782886483e-04   0.00e+00  1.96e-02    1.000000e+00  -5.000000e-01
  21 1.5274050599e-10  -3.81e-04  1.96e-08    2.354317e-01  -4.999813e-01

After 21 iterations the fit converged.
final sum of squares of residuals : 1.52741e-10
rel. change during last iteration : -3.80773e-09

degrees of freedom    (FIT_NDF)                        : 16
rms of residuals      (FIT_STDFIT) = sqrt(WSSR/ndf)    : 3.08971e-06
variance of residuals (reduced chisquare) = WSSR/ndf   : 9.54628e-12

Final set of parameters            Asymptotic Standard Error
=======================            ==========================
a               = 0.235432         +/- 0.00194      (0.8242%)
b               = -0.499981        +/- 0.0008065    (0.1613%)

correlation matrix of the fit parameters:
                a      b      
a               1.000 
b              -0.998  1.000 


*******************************************************************************
Mon Jun 21 01:38:06 2021


FIT:    data read from "B.txt" using 1:3
        format = x:z
        #datapoints = 18
        residuals are weighted equally (unit weight)

function used for fitting: g(x)
	g(x)=c*x**d
fitted parameters initialized with current variable values

iter      chisq       delta/lim  lambda   c             d            
   0 4.8539067384e-04   0.00e+00  1.96e-02    1.000000e+00  -5.000000e-01
   9 1.8528487275e-09  -6.27e-03  1.96e-11    1.704844e+00  -9.214413e-01

After 9 iterations the fit converged.
final sum of squares of residuals : 1.85285e-09
rel. change during last iteration : -6.27393e-08

degrees of freedom    (FIT_NDF)                        : 16
rms of residuals      (FIT_STDFIT) = sqrt(WSSR/ndf)    : 1.07612e-05
variance of residuals (reduced chisquare) = WSSR/ndf   : 1.15803e-10

Final set of parameters            Asymptotic Standard Error
=======================            ==========================
c               = 1.70484          +/- 0.5005       (29.36%)
d               = -0.921441        +/- 0.02999      (3.254%)

correlation matrix of the fit parameters:
                c      d      
c               1.000 
d              -0.998  1.000 


*******************************************************************************
Mon Jun 21 01:38:06 2021


FIT:    data read from "AA.txt" using 1:3
        format = x:z
        #datapoints = 36
        residuals are weighted equally (unit weight)

function used for fitting: i(x)
	i(x)=e*x**f
fitted parameters initialized with current variable values

iter      chisq       delta/lim  lambda   e             f            
   0 1.3776221669e-01   0.00e+00  1.92e-02    1.000000e+00  -5.000000e-01
  54 9.8941135204e-02  -9.66e-01  1.92e-03    5.580916e+00  -4.736480e-01

After 54 iterations the fit converged.
final sum of squares of residuals : 0.0989411
rel. change during last iteration : -9.65997e-06

degrees of freedom    (FIT_NDF)                        : 34
rms of residuals      (FIT_STDFIT) = sqrt(WSSR/ndf)    : 0.0539447
variance of residuals (reduced chisquare) = WSSR/ndf   : 0.00291003

Final set of parameters            Asymptotic Standard Error
=======================            ==========================
e               = 5.58092          +/- 19.68        (352.6%)
f               = -0.473648        +/- 0.3418       (72.17%)

correlation matrix of the fit parameters:
                e      f      
e               1.000 
f              -0.998  1.000 


*******************************************************************************
Mon Jun 21 01:38:06 2021


FIT:    data read from "BB.txt" using 1:3
        format = x:z
        #datapoints = 36
        residuals are weighted equally (unit weight)

function used for fitting: j(x)
	j(x)=g*x**h
fitted parameters initialized with current variable values

iter      chisq       delta/lim  lambda   g             h            
   0 5.0137136070e-01   0.00e+00  1.96e-01    1.000000e+00  -2.000000e-01
 100 9.8739367647e-06  -8.12e-01  1.96e-06    7.265773e+00  -8.888512e-01

After 100 iterations the fit converged.
final sum of squares of residuals : 9.87394e-06
rel. change during last iteration : -8.11885e-06

degrees of freedom    (FIT_NDF)                        : 34
rms of residuals      (FIT_STDFIT) = sqrt(WSSR/ndf)    : 0.000538897
variance of residuals (reduced chisquare) = WSSR/ndf   : 2.9041e-07

Final set of parameters            Asymptotic Standard Error
=======================            ==========================
g               = 7.26577          +/- 13.84        (190.5%)
h               = -0.888851        +/- 0.1922       (21.62%)

correlation matrix of the fit parameters:
                g      h      
g               1.000 
h              -0.998  1.000 


*******************************************************************************
Mon Jun 21 01:49:39 2021


FIT:    data read from "A.txt" using 1:3
        format = x:z
        #datapoints = 18
        residuals are weighted equally (unit weight)

function used for fitting: f(x)
	f(x)=a*x**b
fitted parameters initialized with current variable values

iter      chisq       delta/lim  lambda   a             b            
   0 2.9782886483e-04   0.00e+00  1.96e-02    1.000000e+00  -5.000000e-01
  21 1.5274050599e-10  -3.81e-04  1.96e-08    2.354317e-01  -4.999813e-01

After 21 iterations the fit converged.
final sum of squares of residuals : 1.52741e-10
rel. change during last iteration : -3.80773e-09

degrees of freedom    (FIT_NDF)                        : 16
rms of residuals      (FIT_STDFIT) = sqrt(WSSR/ndf)    : 3.08971e-06
variance of residuals (reduced chisquare) = WSSR/ndf   : 9.54628e-12

Final set of parameters            Asymptotic Standard Error
=======================            ==========================
a               = 0.235432         +/- 0.00194      (0.8242%)
b               = -0.499981        +/- 0.0008065    (0.1613%)

correlation matrix of the fit parameters:
                a      b      
a               1.000 
b              -0.998  1.000 


*******************************************************************************
Mon Jun 21 01:49:39 2021


FIT:    data read from "B.txt" using 1:3
        format = x:z
        #datapoints = 18
        residuals are weighted equally (unit weight)

function used for fitting: g(x)
	g(x)=c*x**d
fitted parameters initialized with current variable values

iter      chisq       delta/lim  lambda   c             d            
   0 4.8539067384e-04   0.00e+00  1.96e-02    1.000000e+00  -5.000000e-01
   9 1.8528487275e-09  -6.27e-03  1.96e-11    1.704844e+00  -9.214413e-01

After 9 iterations the fit converged.
final sum of squares of residuals : 1.85285e-09
rel. change during last iteration : -6.27393e-08

degrees of freedom    (FIT_NDF)                        : 16
rms of residuals      (FIT_STDFIT) = sqrt(WSSR/ndf)    : 1.07612e-05
variance of residuals (reduced chisquare) = WSSR/ndf   : 1.15803e-10

Final set of parameters            Asymptotic Standard Error
=======================            ==========================
c               = 1.70484          +/- 0.5005       (29.36%)
d               = -0.921441        +/- 0.02999      (3.254%)

correlation matrix of the fit parameters:
                c      d      
c               1.000 
d              -0.998  1.000 


*******************************************************************************
Mon Jun 21 01:49:40 2021


FIT:    data read from "AA.txt" using 1:3
        format = x:z
        #datapoints = 36
        residuals are weighted equally (unit weight)

function used for fitting: i(x)
	i(x)=e*x**f
fitted parameters initialized with current variable values

iter      chisq       delta/lim  lambda   e             f            
   0 1.3776221669e-01   0.00e+00  1.92e-02    1.000000e+00  -5.000000e-01
  54 9.8941135204e-02  -9.66e-01  1.92e-03    5.580916e+00  -4.736480e-01

After 54 iterations the fit converged.
final sum of squares of residuals : 0.0989411
rel. change during last iteration : -9.65997e-06

degrees of freedom    (FIT_NDF)                        : 34
rms of residuals      (FIT_STDFIT) = sqrt(WSSR/ndf)    : 0.0539447
variance of residuals (reduced chisquare) = WSSR/ndf   : 0.00291003

Final set of parameters            Asymptotic Standard Error
=======================            ==========================
e               = 5.58092          +/- 19.68        (352.6%)
f               = -0.473648        +/- 0.3418       (72.17%)

correlation matrix of the fit parameters:
                e      f      
e               1.000 
f              -0.998  1.000 


*******************************************************************************
Mon Jun 21 01:49:40 2021


FIT:    data read from "BB.txt" using 1:3
        format = x:z
        #datapoints = 36
        residuals are weighted equally (unit weight)

function used for fitting: j(x)
	j(x)=g*x**h
fitted parameters initialized with current variable values

iter      chisq       delta/lim  lambda   g             h            
   0 5.0137136070e-01   0.00e+00  1.96e-01    1.000000e+00  -2.000000e-01
 100 9.8739367647e-06  -8.12e-01  1.96e-06    7.265773e+00  -8.888512e-01

After 100 iterations the fit converged.
final sum of squares of residuals : 9.87394e-06
rel. change during last iteration : -8.11885e-06

degrees of freedom    (FIT_NDF)                        : 34
rms of residuals      (FIT_STDFIT) = sqrt(WSSR/ndf)    : 0.000538897
variance of residuals (reduced chisquare) = WSSR/ndf   : 2.9041e-07

Final set of parameters            Asymptotic Standard Error
=======================            ==========================
g               = 7.26577          +/- 13.84        (190.5%)
h               = -0.888851        +/- 0.1922       (21.62%)

correlation matrix of the fit parameters:
                g      h      
g               1.000 
h              -0.998  1.000 


*******************************************************************************
Mon Jun 21 01:50:53 2021


FIT:    data read from "A.txt" using 1:3
        format = x:z
        #datapoints = 18
        residuals are weighted equally (unit weight)

function used for fitting: f(x)
	f(x)=a*x**b
fitted parameters initialized with current variable values

iter      chisq       delta/lim  lambda   a             b            
   0 2.9782886483e-04   0.00e+00  1.96e-02    1.000000e+00  -5.000000e-01
  21 1.5274050599e-10  -3.81e-04  1.96e-08    2.354317e-01  -4.999813e-01

After 21 iterations the fit converged.
final sum of squares of residuals : 1.52741e-10
rel. change during last iteration : -3.80773e-09

degrees of freedom    (FIT_NDF)                        : 16
rms of residuals      (FIT_STDFIT) = sqrt(WSSR/ndf)    : 3.08971e-06
variance of residuals (reduced chisquare) = WSSR/ndf   : 9.54628e-12

Final set of parameters            Asymptotic Standard Error
=======================            ==========================
a               = 0.235432         +/- 0.00194      (0.8242%)
b               = -0.499981        +/- 0.0008065    (0.1613%)

correlation matrix of the fit parameters:
                a      b      
a               1.000 
b              -0.998  1.000 


*******************************************************************************
Mon Jun 21 01:50:53 2021


FIT:    data read from "B.txt" using 1:3
        format = x:z
        #datapoints = 18
        residuals are weighted equally (unit weight)

function used for fitting: g(x)
	g(x)=c*x**d
fitted parameters initialized with current variable values

iter      chisq       delta/lim  lambda   c             d            
   0 4.8539067384e-04   0.00e+00  1.96e-02    1.000000e+00  -5.000000e-01
   9 1.8528487275e-09  -6.27e-03  1.96e-11    1.704844e+00  -9.214413e-01

After 9 iterations the fit converged.
final sum of squares of residuals : 1.85285e-09
rel. change during last iteration : -6.27393e-08

degrees of freedom    (FIT_NDF)                        : 16
rms of residuals      (FIT_STDFIT) = sqrt(WSSR/ndf)    : 1.07612e-05
variance of residuals (reduced chisquare) = WSSR/ndf   : 1.15803e-10

Final set of parameters            Asymptotic Standard Error
=======================            ==========================
c               = 1.70484          +/- 0.5005       (29.36%)
d               = -0.921441        +/- 0.02999      (3.254%)

correlation matrix of the fit parameters:
                c      d      
c               1.000 
d              -0.998  1.000 


*******************************************************************************
Mon Jun 21 01:50:53 2021


FIT:    data read from "AA.txt" using 1:3
        format = x:z
        #datapoints = 36
        residuals are weighted equally (unit weight)

function used for fitting: i(x)
	i(x)=e*x**f
fitted parameters initialized with current variable values

iter      chisq       delta/lim  lambda   e             f            
   0 1.3776221669e-01   0.00e+00  1.92e-02    1.000000e+00  -5.000000e-01
  54 9.8941135204e-02  -9.66e-01  1.92e-03    5.580916e+00  -4.736480e-01

After 54 iterations the fit converged.
final sum of squares of residuals : 0.0989411
rel. change during last iteration : -9.65997e-06

degrees of freedom    (FIT_NDF)                        : 34
rms of residuals      (FIT_STDFIT) = sqrt(WSSR/ndf)    : 0.0539447
variance of residuals (reduced chisquare) = WSSR/ndf   : 0.00291003

Final set of parameters            Asymptotic Standard Error
=======================            ==========================
e               = 5.58092          +/- 19.68        (352.6%)
f               = -0.473648        +/- 0.3418       (72.17%)

correlation matrix of the fit parameters:
                e      f      
e               1.000 
f              -0.998  1.000 


*******************************************************************************
Mon Jun 21 01:50:54 2021


FIT:    data read from "BB.txt" using 1:3
        format = x:z
        #datapoints = 36
        residuals are weighted equally (unit weight)

function used for fitting: j(x)
	j(x)=g*x**h
fitted parameters initialized with current variable values

iter      chisq       delta/lim  lambda   g             h            
   0 5.0137136070e-01   0.00e+00  1.96e-01    1.000000e+00  -2.000000e-01
 100 9.8739367647e-06  -8.12e-01  1.96e-06    7.265773e+00  -8.888512e-01

After 100 iterations the fit converged.
final sum of squares of residuals : 9.87394e-06
rel. change during last iteration : -8.11885e-06

degrees of freedom    (FIT_NDF)                        : 34
rms of residuals      (FIT_STDFIT) = sqrt(WSSR/ndf)    : 0.000538897
variance of residuals (reduced chisquare) = WSSR/ndf   : 2.9041e-07

Final set of parameters            Asymptotic Standard Error
=======================            ==========================
g               = 7.26577          +/- 13.84        (190.5%)
h               = -0.888851        +/- 0.1922       (21.62%)

correlation matrix of the fit parameters:
                g      h      
g               1.000 
h              -0.998  1.000 


*******************************************************************************
Mon Jun 21 01:51:44 2021


FIT:    data read from "A.txt" using 1:3
        format = x:z
        #datapoints = 18
        residuals are weighted equally (unit weight)

function used for fitting: f(x)
	f(x)=a*x**b
fitted parameters initialized with current variable values

iter      chisq       delta/lim  lambda   a             b            
   0 2.9782886483e-04   0.00e+00  1.96e-02    1.000000e+00  -5.000000e-01
  21 1.5274050599e-10  -3.81e-04  1.96e-08    2.354317e-01  -4.999813e-01

After 21 iterations the fit converged.
final sum of squares of residuals : 1.52741e-10
rel. change during last iteration : -3.80773e-09

degrees of freedom    (FIT_NDF)                        : 16
rms of residuals      (FIT_STDFIT) = sqrt(WSSR/ndf)    : 3.08971e-06
variance of residuals (reduced chisquare) = WSSR/ndf   : 9.54628e-12

Final set of parameters            Asymptotic Standard Error
=======================            ==========================
a               = 0.235432         +/- 0.00194      (0.8242%)
b               = -0.499981        +/- 0.0008065    (0.1613%)

correlation matrix of the fit parameters:
                a      b      
a               1.000 
b              -0.998  1.000 


*******************************************************************************
Mon Jun 21 01:51:44 2021


FIT:    data read from "B.txt" using 1:3
        format = x:z
        #datapoints = 18
        residuals are weighted equally (unit weight)

function used for fitting: g(x)
	g(x)=c*x**d
fitted parameters initialized with current variable values

iter      chisq       delta/lim  lambda   c             d            
   0 4.8539067384e-04   0.00e+00  1.96e-02    1.000000e+00  -5.000000e-01
   9 1.8528487275e-09  -6.27e-03  1.96e-11    1.704844e+00  -9.214413e-01

After 9 iterations the fit converged.
final sum of squares of residuals : 1.85285e-09
rel. change during last iteration : -6.27393e-08

degrees of freedom    (FIT_NDF)                        : 16
rms of residuals      (FIT_STDFIT) = sqrt(WSSR/ndf)    : 1.07612e-05
variance of residuals (reduced chisquare) = WSSR/ndf   : 1.15803e-10

Final set of parameters            Asymptotic Standard Error
=======================            ==========================
c               = 1.70484          +/- 0.5005       (29.36%)
d               = -0.921441        +/- 0.02999      (3.254%)

correlation matrix of the fit parameters:
                c      d      
c               1.000 
d              -0.998  1.000 


*******************************************************************************
Mon Jun 21 01:51:44 2021


FIT:    data read from "AA.txt" using 1:3
        format = x:z
        #datapoints = 36
        residuals are weighted equally (unit weight)

function used for fitting: i(x)
	i(x)=e*x**f
fitted parameters initialized with current variable values

iter      chisq       delta/lim  lambda   e             f            
   0 1.8732106201e-01   0.00e+00  1.92e-02    1.000000e+00  -5.000000e-01
  48 1.4780370168e-01  -9.61e-01  1.92e-03    5.486443e+00  -4.712745e-01

After 48 iterations the fit converged.
final sum of squares of residuals : 0.147804
rel. change during last iteration : -9.608e-06

degrees of freedom    (FIT_NDF)                        : 34
rms of residuals      (FIT_STDFIT) = sqrt(WSSR/ndf)    : 0.0659331
variance of residuals (reduced chisquare) = WSSR/ndf   : 0.00434717

Final set of parameters            Asymptotic Standard Error
=======================            ==========================
e               = 5.48644          +/- 23.47        (427.9%)
f               = -0.471275        +/- 0.4147       (88%)

correlation matrix of the fit parameters:
                e      f      
e               1.000 
f              -0.998  1.000 


*******************************************************************************
Mon Jun 21 01:51:44 2021


FIT:    data read from "BB.txt" using 1:3
        format = x:z
        #datapoints = 36
        residuals are weighted equally (unit weight)

function used for fitting: j(x)
	j(x)=g*x**h
fitted parameters initialized with current variable values

iter      chisq       delta/lim  lambda   g             h            
   0 5.0137136070e-01   0.00e+00  1.96e-01    1.000000e+00  -2.000000e-01
 100 9.8739367647e-06  -8.12e-01  1.96e-06    7.265773e+00  -8.888512e-01

After 100 iterations the fit converged.
final sum of squares of residuals : 9.87394e-06
rel. change during last iteration : -8.11885e-06

degrees of freedom    (FIT_NDF)                        : 34
rms of residuals      (FIT_STDFIT) = sqrt(WSSR/ndf)    : 0.000538897
variance of residuals (reduced chisquare) = WSSR/ndf   : 2.9041e-07

Final set of parameters            Asymptotic Standard Error
=======================            ==========================
g               = 7.26577          +/- 13.84        (190.5%)
h               = -0.888851        +/- 0.1922       (21.62%)

correlation matrix of the fit parameters:
                g      h      
g               1.000 
h              -0.998  1.000 


*******************************************************************************
Mon Jun 21 01:52:12 2021


FIT:    data read from "A.txt" using 1:3
        format = x:z
        #datapoints = 18
        residuals are weighted equally (unit weight)

function used for fitting: f(x)
	f(x)=a*x**b
fitted parameters initialized with current variable values

iter      chisq       delta/lim  lambda   a             b            
   0 2.9782886483e-04   0.00e+00  1.96e-02    1.000000e+00  -5.000000e-01
  21 1.5274050599e-10  -3.81e-04  1.96e-08    2.354317e-01  -4.999813e-01

After 21 iterations the fit converged.
final sum of squares of residuals : 1.52741e-10
rel. change during last iteration : -3.80773e-09

degrees of freedom    (FIT_NDF)                        : 16
rms of residuals      (FIT_STDFIT) = sqrt(WSSR/ndf)    : 3.08971e-06
variance of residuals (reduced chisquare) = WSSR/ndf   : 9.54628e-12

Final set of parameters            Asymptotic Standard Error
=======================            ==========================
a               = 0.235432         +/- 0.00194      (0.8242%)
b               = -0.499981        +/- 0.0008065    (0.1613%)

correlation matrix of the fit parameters:
                a      b      
a               1.000 
b              -0.998  1.000 


*******************************************************************************
Mon Jun 21 01:52:12 2021


FIT:    data read from "B.txt" using 1:3
        format = x:z
        #datapoints = 18
        residuals are weighted equally (unit weight)

function used for fitting: g(x)
	g(x)=c*x**d
fitted parameters initialized with current variable values

iter      chisq       delta/lim  lambda   c             d            
   0 4.8539067384e-04   0.00e+00  1.96e-02    1.000000e+00  -5.000000e-01
   9 1.8528487275e-09  -6.27e-03  1.96e-11    1.704844e+00  -9.214413e-01

After 9 iterations the fit converged.
final sum of squares of residuals : 1.85285e-09
rel. change during last iteration : -6.27393e-08

degrees of freedom    (FIT_NDF)                        : 16
rms of residuals      (FIT_STDFIT) = sqrt(WSSR/ndf)    : 1.07612e-05
variance of residuals (reduced chisquare) = WSSR/ndf   : 1.15803e-10

Final set of parameters            Asymptotic Standard Error
=======================            ==========================
c               = 1.70484          +/- 0.5005       (29.36%)
d               = -0.921441        +/- 0.02999      (3.254%)

correlation matrix of the fit parameters:
                c      d      
c               1.000 
d              -0.998  1.000 


*******************************************************************************
Mon Jun 21 01:52:12 2021


FIT:    data read from "AA.txt" using 1:3
        format = x:z
        #datapoints = 36
        residuals are weighted equally (unit weight)

function used for fitting: i(x)
	i(x)=e*x**f
fitted parameters initialized with current variable values

iter      chisq       delta/lim  lambda   e             f            
   0 1.8732106201e-01   0.00e+00  1.92e-02    1.000000e+00  -5.000000e-01
  48 1.4780370168e-01  -9.61e-01  1.92e-03    5.486443e+00  -4.712745e-01

After 48 iterations the fit converged.
final sum of squares of residuals : 0.147804
rel. change during last iteration : -9.608e-06

degrees of freedom    (FIT_NDF)                        : 34
rms of residuals      (FIT_STDFIT) = sqrt(WSSR/ndf)    : 0.0659331
variance of residuals (reduced chisquare) = WSSR/ndf   : 0.00434717

Final set of parameters            Asymptotic Standard Error
=======================            ==========================
e               = 5.48644          +/- 23.47        (427.9%)
f               = -0.471275        +/- 0.4147       (88%)

correlation matrix of the fit parameters:
                e      f      
e               1.000 
f              -0.998  1.000 


*******************************************************************************
Mon Jun 21 01:52:12 2021


FIT:    data read from "BB.txt" using 1:3
        format = x:z
        #datapoints = 36
        residuals are weighted equally (unit weight)

function used for fitting: j(x)
	j(x)=g*x**h
fitted parameters initialized with current variable values

iter      chisq       delta/lim  lambda   g             h            
   0 5.0137136070e-01   0.00e+00  1.96e-01    1.000000e+00  -2.000000e-01
 100 9.8739367647e-06  -8.12e-01  1.96e-06    7.265773e+00  -8.888512e-01

After 100 iterations the fit converged.
final sum of squares of residuals : 9.87394e-06
rel. change during last iteration : -8.11885e-06

degrees of freedom    (FIT_NDF)                        : 34
rms of residuals      (FIT_STDFIT) = sqrt(WSSR/ndf)    : 0.000538897
variance of residuals (reduced chisquare) = WSSR/ndf   : 2.9041e-07

Final set of parameters            Asymptotic Standard Error
=======================            ==========================
g               = 7.26577          +/- 13.84        (190.5%)
h               = -0.888851        +/- 0.1922       (21.62%)

correlation matrix of the fit parameters:
                g      h      
g               1.000 
h              -0.998  1.000 


*******************************************************************************
Mon Jun 21 01:53:03 2021


FIT:    data read from "A.txt" using 1:3
        format = x:z
        #datapoints = 18
        residuals are weighted equally (unit weight)

function used for fitting: f(x)
	f(x)=a*x**b
fitted parameters initialized with current variable values

iter      chisq       delta/lim  lambda   a             b            
   0 2.9782886483e-04   0.00e+00  1.96e-02    1.000000e+00  -5.000000e-01
  21 1.5274050599e-10  -3.81e-04  1.96e-08    2.354317e-01  -4.999813e-01

After 21 iterations the fit converged.
final sum of squares of residuals : 1.52741e-10
rel. change during last iteration : -3.80773e-09

degrees of freedom    (FIT_NDF)                        : 16
rms of residuals      (FIT_STDFIT) = sqrt(WSSR/ndf)    : 3.08971e-06
variance of residuals (reduced chisquare) = WSSR/ndf   : 9.54628e-12

Final set of parameters            Asymptotic Standard Error
=======================            ==========================
a               = 0.235432         +/- 0.00194      (0.8242%)
b               = -0.499981        +/- 0.0008065    (0.1613%)

correlation matrix of the fit parameters:
                a      b      
a               1.000 
b              -0.998  1.000 


*******************************************************************************
Mon Jun 21 01:53:03 2021


FIT:    data read from "B.txt" using 1:3
        format = x:z
        #datapoints = 18
        residuals are weighted equally (unit weight)

function used for fitting: g(x)
	g(x)=c*x**d
fitted parameters initialized with current variable values

iter      chisq       delta/lim  lambda   c             d            
   0 4.8539067384e-04   0.00e+00  1.96e-02    1.000000e+00  -5.000000e-01
   9 1.8528487275e-09  -6.27e-03  1.96e-11    1.704844e+00  -9.214413e-01

After 9 iterations the fit converged.
final sum of squares of residuals : 1.85285e-09
rel. change during last iteration : -6.27393e-08

degrees of freedom    (FIT_NDF)                        : 16
rms of residuals      (FIT_STDFIT) = sqrt(WSSR/ndf)    : 1.07612e-05
variance of residuals (reduced chisquare) = WSSR/ndf   : 1.15803e-10

Final set of parameters            Asymptotic Standard Error
=======================            ==========================
c               = 1.70484          +/- 0.5005       (29.36%)
d               = -0.921441        +/- 0.02999      (3.254%)

correlation matrix of the fit parameters:
                c      d      
c               1.000 
d              -0.998  1.000 


*******************************************************************************
Mon Jun 21 01:53:04 2021


FIT:    data read from "AA.txt" using 1:3
        format = x:z
        #datapoints = 36
        residuals are weighted equally (unit weight)

function used for fitting: i(x)
	i(x)=e*x**f
fitted parameters initialized with current variable values

iter      chisq       delta/lim  lambda   e             f            
   0 1.8732106201e-01   0.00e+00  1.92e-02    1.000000e+00  -5.000000e-01
  48 1.4780370168e-01  -9.61e-01  1.92e-03    5.486443e+00  -4.712745e-01

After 48 iterations the fit converged.
final sum of squares of residuals : 0.147804
rel. change during last iteration : -9.608e-06

degrees of freedom    (FIT_NDF)                        : 34
rms of residuals      (FIT_STDFIT) = sqrt(WSSR/ndf)    : 0.0659331
variance of residuals (reduced chisquare) = WSSR/ndf   : 0.00434717

Final set of parameters            Asymptotic Standard Error
=======================            ==========================
e               = 5.48644          +/- 23.47        (427.9%)
f               = -0.471275        +/- 0.4147       (88%)

correlation matrix of the fit parameters:
                e      f      
e               1.000 
f              -0.998  1.000 


*******************************************************************************
Mon Jun 21 01:53:04 2021


FIT:    data read from "BB.txt" using 1:3
        format = x:z
        #datapoints = 36
        residuals are weighted equally (unit weight)

function used for fitting: j(x)
	j(x)=g*x**h
fitted parameters initialized with current variable values

iter      chisq       delta/lim  lambda   g             h            
   0 5.0137136070e-01   0.00e+00  1.96e-01    1.000000e+00  -2.000000e-01
 100 9.8739367647e-06  -8.12e-01  1.96e-06    7.265773e+00  -8.888512e-01

After 100 iterations the fit converged.
final sum of squares of residuals : 9.87394e-06
rel. change during last iteration : -8.11885e-06

degrees of freedom    (FIT_NDF)                        : 34
rms of residuals      (FIT_STDFIT) = sqrt(WSSR/ndf)    : 0.000538897
variance of residuals (reduced chisquare) = WSSR/ndf   : 2.9041e-07

Final set of parameters            Asymptotic Standard Error
=======================            ==========================
g               = 7.26577          +/- 13.84        (190.5%)
h               = -0.888851        +/- 0.1922       (21.62%)

correlation matrix of the fit parameters:
                g      h      
g               1.000 
h              -0.998  1.000 


*******************************************************************************
Mon Jun 21 01:56:52 2021


FIT:    data read from "A.txt" using 1:3
        format = x:z
        #datapoints = 18
        residuals are weighted equally (unit weight)

function used for fitting: f(x)
	f(x)=a*x**b
fitted parameters initialized with current variable values

iter      chisq       delta/lim  lambda   a             b            
   0 6.2505302429e-06   0.00e+00  1.96e-02    1.000000e+00  -5.000000e-01
   5 1.4728492512e-09  -2.02e-01  1.96e-07    1.109968e+00  -4.999317e-01

After 5 iterations the fit converged.
final sum of squares of residuals : 1.47285e-09
rel. change during last iteration : -2.01629e-06

degrees of freedom    (FIT_NDF)                        : 16
rms of residuals      (FIT_STDFIT) = sqrt(WSSR/ndf)    : 9.59443e-06
variance of residuals (reduced chisquare) = WSSR/ndf   : 9.20531e-11

Final set of parameters            Asymptotic Standard Error
=======================            ==========================
a               = 1.10997          +/- 0.006023     (0.5426%)
b               = -0.499932        +/- 0.0005309    (0.1062%)

correlation matrix of the fit parameters:
                a      b      
a               1.000 
b              -0.998  1.000 


*******************************************************************************
Mon Jun 21 01:56:52 2021


FIT:    data read from "B.txt" using 1:3
        format = x:z
        #datapoints = 18
        residuals are weighted equally (unit weight)

function used for fitting: g(x)
	g(x)=c*x**d
fitted parameters initialized with current variable values

iter      chisq       delta/lim  lambda   c             d            
   0 5.0954793143e-04   0.00e+00  1.96e-02    1.000000e+00  -5.000000e-01
   8 5.5975037937e-32  -1.96e-11  1.96e-10    3.552035e-14  -7.125786e-01

After 8 iterations the fit converged.
final sum of squares of residuals : 5.5975e-32
abs. change during last iteration : -1.09476e-47


Hmmmm.... Sum of squared residuals is zero. Can't compute errors.

Final set of parameters 
======================= 

c               = 3.55203e-14    
d               = -0.712579      


*******************************************************************************
Mon Jun 21 01:56:52 2021


FIT:    data read from "AA.txt" using 1:3
        format = x:z
        #datapoints = 36
        residuals are weighted equally (unit weight)

function used for fitting: i(x)
	i(x)=e*x**f
fitted parameters initialized with current variable values

iter      chisq       delta/lim  lambda   e             f            
   0 4.8677618003e-02   0.00e+00  1.92e-02    1.000000e+00  -5.000000e-01
  74 2.7390842250e-02  -9.62e-01  1.92e-02    2.002250e-01  -1.800969e-01

After 74 iterations the fit converged.
final sum of squares of residuals : 0.0273908
rel. change during last iteration : -9.61701e-06

degrees of freedom    (FIT_NDF)                        : 34
rms of residuals      (FIT_STDFIT) = sqrt(WSSR/ndf)    : 0.0283833
variance of residuals (reduced chisquare) = WSSR/ndf   : 0.000805613

Final set of parameters            Asymptotic Standard Error
=======================            ==========================
e               = 0.200225         +/- 0.5208       (260.1%)
f               = -0.180097        +/- 0.2454       (136.2%)

correlation matrix of the fit parameters:
                e      f      
e               1.000 
f              -0.998  1.000 


*******************************************************************************
Mon Jun 21 01:56:53 2021


FIT:    data read from "BB.txt" using 1:3
        format = x:z
        #datapoints = 36
        residuals are weighted equally (unit weight)

function used for fitting: j(x)
	j(x)=g*x**h
fitted parameters initialized with current variable values

iter      chisq       delta/lim  lambda   g             h            
   0 5.0137136070e-01   0.00e+00  1.96e-01    1.000000e+00  -2.000000e-01
 100 9.8739367647e-06  -8.12e-01  1.96e-06    7.265773e+00  -8.888512e-01

After 100 iterations the fit converged.
final sum of squares of residuals : 9.87394e-06
rel. change during last iteration : -8.11885e-06

degrees of freedom    (FIT_NDF)                        : 34
rms of residuals      (FIT_STDFIT) = sqrt(WSSR/ndf)    : 0.000538897
variance of residuals (reduced chisquare) = WSSR/ndf   : 2.9041e-07

Final set of parameters            Asymptotic Standard Error
=======================            ==========================
g               = 7.26577          +/- 13.84        (190.5%)
h               = -0.888851        +/- 0.1922       (21.62%)

correlation matrix of the fit parameters:
                g      h      
g               1.000 
h              -0.998  1.000 


*******************************************************************************
Mon Jun 21 01:58:37 2021


FIT:    data read from "A.txt" using 1:3
        format = x:z
        #datapoints = 18
        residuals are weighted equally (unit weight)

function used for fitting: f(x)
	f(x)=a*x**b
fitted parameters initialized with current variable values

iter      chisq       delta/lim  lambda   a             b            
   0 6.2505302429e-06   0.00e+00  1.96e-02    1.000000e+00  -5.000000e-01
   5 1.4728492512e-09  -2.02e-01  1.96e-07    1.109968e+00  -4.999317e-01

After 5 iterations the fit converged.
final sum of squares of residuals : 1.47285e-09
rel. change during last iteration : -2.01629e-06

degrees of freedom    (FIT_NDF)                        : 16
rms of residuals      (FIT_STDFIT) = sqrt(WSSR/ndf)    : 9.59443e-06
variance of residuals (reduced chisquare) = WSSR/ndf   : 9.20531e-11

Final set of parameters            Asymptotic Standard Error
=======================            ==========================
a               = 1.10997          +/- 0.006023     (0.5426%)
b               = -0.499932        +/- 0.0005309    (0.1062%)

correlation matrix of the fit parameters:
                a      b      
a               1.000 
b              -0.998  1.000 


*******************************************************************************
Mon Jun 21 01:58:37 2021


FIT:    data read from "B.txt" using 1:3
        format = x:z
        #datapoints = 18
        residuals are weighted equally (unit weight)

function used for fitting: g(x)
	g(x)=c*x**d
fitted parameters initialized with current variable values

iter      chisq       delta/lim  lambda   c             d            
   0 5.0954793143e-04   0.00e+00  1.96e-02    1.000000e+00  -5.000000e-01
   8 5.5975037937e-32  -1.96e-11  1.96e-10    3.552035e-14  -7.125786e-01

After 8 iterations the fit converged.
final sum of squares of residuals : 5.5975e-32
abs. change during last iteration : -1.09476e-47


Hmmmm.... Sum of squared residuals is zero. Can't compute errors.

Final set of parameters 
======================= 

c               = 3.55203e-14    
d               = -0.712579      


*******************************************************************************
Mon Jun 21 01:58:37 2021


FIT:    data read from "AA.txt" using 1:3
        format = x:z
        #datapoints = 36
        residuals are weighted equally (unit weight)

function used for fitting: i(x)
	i(x)=e*x**f
fitted parameters initialized with current variable values

iter      chisq       delta/lim  lambda   e             f            
   0 4.8677618003e-02   0.00e+00  1.92e-02    1.000000e+00  -5.000000e-01
  74 2.7390842250e-02  -9.62e-01  1.92e-02    2.002250e-01  -1.800969e-01

After 74 iterations the fit converged.
final sum of squares of residuals : 0.0273908
rel. change during last iteration : -9.61701e-06

degrees of freedom    (FIT_NDF)                        : 34
rms of residuals      (FIT_STDFIT) = sqrt(WSSR/ndf)    : 0.0283833
variance of residuals (reduced chisquare) = WSSR/ndf   : 0.000805613

Final set of parameters            Asymptotic Standard Error
=======================            ==========================
e               = 0.200225         +/- 0.5208       (260.1%)
f               = -0.180097        +/- 0.2454       (136.2%)

correlation matrix of the fit parameters:
                e      f      
e               1.000 
f              -0.998  1.000 


*******************************************************************************
Mon Jun 21 01:58:38 2021


FIT:    data read from "BB.txt" using 1:3
        format = x:z
        #datapoints = 36
        residuals are weighted equally (unit weight)

function used for fitting: j(x)
	j(x)=g*x**h
fitted parameters initialized with current variable values

iter      chisq       delta/lim  lambda   g             h            
   0 5.0137136070e-01   0.00e+00  1.96e-01    1.000000e+00  -2.000000e-01
 100 9.8739367647e-06  -8.12e-01  1.96e-06    7.265773e+00  -8.888512e-01

After 100 iterations the fit converged.
final sum of squares of residuals : 9.87394e-06
rel. change during last iteration : -8.11885e-06

degrees of freedom    (FIT_NDF)                        : 34
rms of residuals      (FIT_STDFIT) = sqrt(WSSR/ndf)    : 0.000538897
variance of residuals (reduced chisquare) = WSSR/ndf   : 2.9041e-07

Final set of parameters            Asymptotic Standard Error
=======================            ==========================
g               = 7.26577          +/- 13.84        (190.5%)
h               = -0.888851        +/- 0.1922       (21.62%)

correlation matrix of the fit parameters:
                g      h      
g               1.000 
h              -0.998  1.000 


*******************************************************************************
Mon Jun 21 01:59:07 2021


FIT:    data read from "A.txt" using 1:3
        format = x:z
        #datapoints = 18
        residuals are weighted equally (unit weight)

function used for fitting: f(x)
	f(x)=a*x**b
fitted parameters initialized with current variable values

iter      chisq       delta/lim  lambda   a             b            
   0 6.2505302429e-06   0.00e+00  1.96e-02    1.000000e+00  -5.000000e-01
   5 1.4728492512e-09  -2.02e-01  1.96e-07    1.109968e+00  -4.999317e-01

After 5 iterations the fit converged.
final sum of squares of residuals : 1.47285e-09
rel. change during last iteration : -2.01629e-06

degrees of freedom    (FIT_NDF)                        : 16
rms of residuals      (FIT_STDFIT) = sqrt(WSSR/ndf)    : 9.59443e-06
variance of residuals (reduced chisquare) = WSSR/ndf   : 9.20531e-11

Final set of parameters            Asymptotic Standard Error
=======================            ==========================
a               = 1.10997          +/- 0.006023     (0.5426%)
b               = -0.499932        +/- 0.0005309    (0.1062%)

correlation matrix of the fit parameters:
                a      b      
a               1.000 
b              -0.998  1.000 


*******************************************************************************
Mon Jun 21 01:59:07 2021


FIT:    data read from "B.txt" using 1:3
        format = x:z
        #datapoints = 18
        residuals are weighted equally (unit weight)

function used for fitting: g(x)
	g(x)=c*x**d
fitted parameters initialized with current variable values

iter      chisq       delta/lim  lambda   c             d            
   0 5.0954793143e-04   0.00e+00  1.96e-02    1.000000e+00  -5.000000e-01
   8 5.5975037937e-32  -1.96e-11  1.96e-10    3.552035e-14  -7.125786e-01

After 8 iterations the fit converged.
final sum of squares of residuals : 5.5975e-32
abs. change during last iteration : -1.09476e-47


Hmmmm.... Sum of squared residuals is zero. Can't compute errors.

Final set of parameters 
======================= 

c               = 3.55203e-14    
d               = -0.712579      


*******************************************************************************
Mon Jun 21 01:59:07 2021


FIT:    data read from "AA.txt" using 1:3
        format = x:z
        #datapoints = 36
        residuals are weighted equally (unit weight)

function used for fitting: i(x)
	i(x)=e*x**f
fitted parameters initialized with current variable values

iter      chisq       delta/lim  lambda   e             f            
   0 4.8677618003e-02   0.00e+00  1.92e-02    1.000000e+00  -5.000000e-01
  74 2.7390842250e-02  -9.62e-01  1.92e-02    2.002250e-01  -1.800969e-01

After 74 iterations the fit converged.
final sum of squares of residuals : 0.0273908
rel. change during last iteration : -9.61701e-06

degrees of freedom    (FIT_NDF)                        : 34
rms of residuals      (FIT_STDFIT) = sqrt(WSSR/ndf)    : 0.0283833
variance of residuals (reduced chisquare) = WSSR/ndf   : 0.000805613

Final set of parameters            Asymptotic Standard Error
=======================            ==========================
e               = 0.200225         +/- 0.5208       (260.1%)
f               = -0.180097        +/- 0.2454       (136.2%)

correlation matrix of the fit parameters:
                e      f      
e               1.000 
f              -0.998  1.000 


*******************************************************************************
Mon Jun 21 01:59:08 2021


FIT:    data read from "BB.txt" using 1:3
        format = x:z
        #datapoints = 36
        residuals are weighted equally (unit weight)

function used for fitting: j(x)
	j(x)=g*x**h
fitted parameters initialized with current variable values

iter      chisq       delta/lim  lambda   g             h            
   0 5.0137136070e-01   0.00e+00  1.96e-01    1.000000e+00  -2.000000e-01
 100 9.8739367647e-06  -8.12e-01  1.96e-06    7.265773e+00  -8.888512e-01

After 100 iterations the fit converged.
final sum of squares of residuals : 9.87394e-06
rel. change during last iteration : -8.11885e-06

degrees of freedom    (FIT_NDF)                        : 34
rms of residuals      (FIT_STDFIT) = sqrt(WSSR/ndf)    : 0.000538897
variance of residuals (reduced chisquare) = WSSR/ndf   : 2.9041e-07

Final set of parameters            Asymptotic Standard Error
=======================            ==========================
g               = 7.26577          +/- 13.84        (190.5%)
h               = -0.888851        +/- 0.1922       (21.62%)

correlation matrix of the fit parameters:
                g      h      
g               1.000 
h              -0.998  1.000 


*******************************************************************************
Mon Jun 21 02:00:35 2021


FIT:    data read from "A.txt" using 1:3
        format = x:z
        #datapoints = 18
        residuals are weighted equally (unit weight)

function used for fitting: f(x)
	f(x)=a*x**b
fitted parameters initialized with current variable values

iter      chisq       delta/lim  lambda   a             b            
   0 6.2505302429e-06   0.00e+00  1.96e-02    1.000000e+00  -5.000000e-01
   5 1.4728492512e-09  -2.02e-01  1.96e-07    1.109968e+00  -4.999317e-01

After 5 iterations the fit converged.
final sum of squares of residuals : 1.47285e-09
rel. change during last iteration : -2.01629e-06

degrees of freedom    (FIT_NDF)                        : 16
rms of residuals      (FIT_STDFIT) = sqrt(WSSR/ndf)    : 9.59443e-06
variance of residuals (reduced chisquare) = WSSR/ndf   : 9.20531e-11

Final set of parameters            Asymptotic Standard Error
=======================            ==========================
a               = 1.10997          +/- 0.006023     (0.5426%)
b               = -0.499932        +/- 0.0005309    (0.1062%)

correlation matrix of the fit parameters:
                a      b      
a               1.000 
b              -0.998  1.000 


*******************************************************************************
Mon Jun 21 02:00:35 2021


FIT:    data read from "B.txt" using 1:3
        format = x:z
        #datapoints = 18
        residuals are weighted equally (unit weight)

function used for fitting: g(x)
	g(x)=c*x**d
fitted parameters initialized with current variable values

iter      chisq       delta/lim  lambda   c             d            
   0 5.0954793143e-04   0.00e+00  1.96e-02    1.000000e+00  -5.000000e-01
   8 5.5975037937e-32  -1.96e-11  1.96e-10    3.552035e-14  -7.125786e-01

After 8 iterations the fit converged.
final sum of squares of residuals : 5.5975e-32
abs. change during last iteration : -1.09476e-47


Hmmmm.... Sum of squared residuals is zero. Can't compute errors.

Final set of parameters 
======================= 

c               = 3.55203e-14    
d               = -0.712579      


*******************************************************************************
Mon Jun 21 02:00:35 2021


FIT:    data read from "AA.txt" using 1:3
        format = x:z
        #datapoints = 36
        residuals are weighted equally (unit weight)

function used for fitting: i(x)
	i(x)=e*x**f
fitted parameters initialized with current variable values

iter      chisq       delta/lim  lambda   e             f            
   0 4.8677618003e-02   0.00e+00  1.92e-02    1.000000e+00  -5.000000e-01
  74 2.7390842250e-02  -9.62e-01  1.92e-02    2.002250e-01  -1.800969e-01

After 74 iterations the fit converged.
final sum of squares of residuals : 0.0273908
rel. change during last iteration : -9.61701e-06

degrees of freedom    (FIT_NDF)                        : 34
rms of residuals      (FIT_STDFIT) = sqrt(WSSR/ndf)    : 0.0283833
variance of residuals (reduced chisquare) = WSSR/ndf   : 0.000805613

Final set of parameters            Asymptotic Standard Error
=======================            ==========================
e               = 0.200225         +/- 0.5208       (260.1%)
f               = -0.180097        +/- 0.2454       (136.2%)

correlation matrix of the fit parameters:
                e      f      
e               1.000 
f              -0.998  1.000 


*******************************************************************************
Mon Jun 21 02:00:36 2021


FIT:    data read from "BB.txt" using 1:3
        format = x:z
        #datapoints = 36
        residuals are weighted equally (unit weight)

function used for fitting: j(x)
	j(x)=g*x**h
fitted parameters initialized with current variable values

iter      chisq       delta/lim  lambda   g             h            
   0 5.0137136070e-01   0.00e+00  1.96e-01    1.000000e+00  -2.000000e-01
 100 9.8739367647e-06  -8.12e-01  1.96e-06    7.265773e+00  -8.888512e-01

After 100 iterations the fit converged.
final sum of squares of residuals : 9.87394e-06
rel. change during last iteration : -8.11885e-06

degrees of freedom    (FIT_NDF)                        : 34
rms of residuals      (FIT_STDFIT) = sqrt(WSSR/ndf)    : 0.000538897
variance of residuals (reduced chisquare) = WSSR/ndf   : 2.9041e-07

Final set of parameters            Asymptotic Standard Error
=======================            ==========================
g               = 7.26577          +/- 13.84        (190.5%)
h               = -0.888851        +/- 0.1922       (21.62%)

correlation matrix of the fit parameters:
                g      h      
g               1.000 
h              -0.998  1.000 


*******************************************************************************
Mon Jun 21 02:01:29 2021


FIT:    data read from "A.txt" using 1:3
        format = x:z
        #datapoints = 18
        residuals are weighted equally (unit weight)

function used for fitting: f(x)
	f(x)=a*x**b
fitted parameters initialized with current variable values

iter      chisq       delta/lim  lambda   a             b            
   0 6.2505302429e-06   0.00e+00  1.96e-02    1.000000e+00  -5.000000e-01
   5 1.4728492512e-09  -2.02e-01  1.96e-07    1.109968e+00  -4.999317e-01

After 5 iterations the fit converged.
final sum of squares of residuals : 1.47285e-09
rel. change during last iteration : -2.01629e-06

degrees of freedom    (FIT_NDF)                        : 16
rms of residuals      (FIT_STDFIT) = sqrt(WSSR/ndf)    : 9.59443e-06
variance of residuals (reduced chisquare) = WSSR/ndf   : 9.20531e-11

Final set of parameters            Asymptotic Standard Error
=======================            ==========================
a               = 1.10997          +/- 0.006023     (0.5426%)
b               = -0.499932        +/- 0.0005309    (0.1062%)

correlation matrix of the fit parameters:
                a      b      
a               1.000 
b              -0.998  1.000 


*******************************************************************************
Mon Jun 21 02:01:29 2021


FIT:    data read from "B.txt" using 1:3
        format = x:z
        #datapoints = 18
        residuals are weighted equally (unit weight)

function used for fitting: g(x)
	g(x)=c*x**d
fitted parameters initialized with current variable values

iter      chisq       delta/lim  lambda   c             d            
   0 5.0954793143e-04   0.00e+00  1.96e-02    1.000000e+00  -5.000000e-01
   8 5.5975037937e-32  -1.96e-11  1.96e-10    3.552035e-14  -7.125786e-01

After 8 iterations the fit converged.
final sum of squares of residuals : 5.5975e-32
abs. change during last iteration : -1.09476e-47


Hmmmm.... Sum of squared residuals is zero. Can't compute errors.

Final set of parameters 
======================= 

c               = 3.55203e-14    
d               = -0.712579      


*******************************************************************************
Mon Jun 21 02:01:29 2021


FIT:    data read from "AA.txt" using 1:3
        format = x:z
        #datapoints = 36
        residuals are weighted equally (unit weight)

function used for fitting: i(x)
	i(x)=e*x**f
fitted parameters initialized with current variable values

iter      chisq       delta/lim  lambda   e             f            
   0 4.8677618003e-02   0.00e+00  1.92e-02    1.000000e+00  -5.000000e-01
  74 2.7390842250e-02  -9.62e-01  1.92e-02    2.002250e-01  -1.800969e-01

After 74 iterations the fit converged.
final sum of squares of residuals : 0.0273908
rel. change during last iteration : -9.61701e-06

degrees of freedom    (FIT_NDF)                        : 34
rms of residuals      (FIT_STDFIT) = sqrt(WSSR/ndf)    : 0.0283833
variance of residuals (reduced chisquare) = WSSR/ndf   : 0.000805613

Final set of parameters            Asymptotic Standard Error
=======================            ==========================
e               = 0.200225         +/- 0.5208       (260.1%)
f               = -0.180097        +/- 0.2454       (136.2%)

correlation matrix of the fit parameters:
                e      f      
e               1.000 
f              -0.998  1.000 


*******************************************************************************
Mon Jun 21 02:01:29 2021


FIT:    data read from "BB.txt" using 1:3
        format = x:z
        #datapoints = 36
        residuals are weighted equally (unit weight)

function used for fitting: j(x)
	j(x)=g*x**h
fitted parameters initialized with current variable values

iter      chisq       delta/lim  lambda   g             h            
   0 5.0137136070e-01   0.00e+00  1.96e-01    1.000000e+00  -2.000000e-01
 100 9.8739367647e-06  -8.12e-01  1.96e-06    7.265773e+00  -8.888512e-01

After 100 iterations the fit converged.
final sum of squares of residuals : 9.87394e-06
rel. change during last iteration : -8.11885e-06

degrees of freedom    (FIT_NDF)                        : 34
rms of residuals      (FIT_STDFIT) = sqrt(WSSR/ndf)    : 0.000538897
variance of residuals (reduced chisquare) = WSSR/ndf   : 2.9041e-07

Final set of parameters            Asymptotic Standard Error
=======================            ==========================
g               = 7.26577          +/- 13.84        (190.5%)
h               = -0.888851        +/- 0.1922       (21.62%)

correlation matrix of the fit parameters:
                g      h      
g               1.000 
h              -0.998  1.000 
